2024-09-25 14:51:50,487 - INFO - Подключение к базе данных выполнено успешно
2024-09-25 14:53:17,862 - INFO - Подключение к базе данных выполнено успешно
2024-09-25 14:53:17,921 - ERROR - Ошибка при поиске клиентов: ОШИБКА:  нет доступа к таблице customers

2024-09-25 14:53:21,750 - INFO - Подключение к базе данных выполнено успешно
2024-09-25 14:53:21,752 - ERROR - Ошибка при поиске клиентов: ОШИБКА:  нет доступа к таблице customers

2024-09-25 15:21:08,953 - INFO - Подключение к базе данных выполнено успешно
2024-09-25 15:21:08,969 - ERROR - Ошибка при добавлении клиента: not all arguments converted during string formatting
2024-09-25 17:09:59,185 - INFO - Подключение к базе данных выполнено успешно
2024-09-26 18:03:50,432 - INFO - Подключение к базе данных выполнено успешно
2024-09-26 18:07:22,646 - INFO - Подключение к базе данных выполнено успешно
2024-09-26 18:07:22,749 - ERROR - Ошибка при получении списка покупателей: ОШИБКА:  нет доступа к таблице customers

2024-09-26 18:11:04,754 - INFO - Подключение к базе данных выполнено успешно
2024-09-26 18:11:04,756 - ERROR - Ошибка при получении списка покупателей: ОШИБКА:  нет доступа к таблице customers

2024-09-26 18:13:33,743 - INFO - Подключение к базе данных выполнено успешно
2024-09-26 18:13:33,773 - ERROR - Ошибка при получении заказов: ОШИБКА:  нет доступа к таблице orders

2024-09-26 18:17:43,562 - INFO - Подключение к базе данных выполнено успешно
2024-09-26 18:17:43,563 - INFO - Получено 10 покупателей
2024-09-26 18:17:50,487 - INFO - Подключение к базе данных выполнено успешно
2024-09-26 18:17:50,489 - INFO - Получено 10 заказов
2024-09-26 18:18:14,450 - INFO - Подключение к базе данных выполнено успешно
2024-09-26 18:18:14,451 - INFO - Получено 10 покупателей
2024-09-26 18:18:22,086 - INFO - Подключение к базе данных выполнено успешно
2024-09-26 18:18:22,088 - INFO - Получено 10 заказов
2024-09-26 18:18:32,583 - INFO - Подключение к базе данных выполнено успешно
2024-09-26 18:21:31,213 - INFO - Подключение к базе данных выполнено успешно
2024-09-26 18:21:31,214 - INFO - Получено 10 покупателей
2024-09-26 18:22:28,623 - INFO - Подключение к базе данных выполнено успешно
2024-09-26 18:22:28,624 - INFO - Получено 10 покупателей
2024-09-26 18:22:35,130 - INFO - Подключение к базе данных выполнено успешно
2024-09-26 18:22:35,132 - INFO - Получено 10 заказов
2024-09-26 18:31:54,615 - INFO - Подключение к базе данных выполнено успешно
2024-09-26 18:31:54,617 - INFO - Получено 10 заказов
2024-09-26 18:32:02,187 - INFO - Подключение к базе данных выполнено успешно
2024-09-26 18:32:02,188 - INFO - Получено 10 покупателей
2024-09-26 18:32:25,594 - INFO - Подключение к базе данных выполнено успешно
2024-09-26 18:32:25,598 - INFO - Найдено 0 заказов по запросу: %мир%
2024-09-26 18:32:27,028 - INFO - Подключение к базе данных выполнено успешно
2024-09-26 18:32:27,030 - INFO - Найдено 0 заказов по запросу: %мир%
2024-09-26 18:32:27,331 - INFO - Подключение к базе данных выполнено успешно
2024-09-26 18:32:27,333 - INFO - Найдено 0 заказов по запросу: %мир%
2024-09-26 18:32:31,931 - INFO - Подключение к базе данных выполнено успешно
2024-09-26 18:32:31,932 - INFO - Получено 10 заказов
2024-09-26 18:32:34,571 - INFO - Подключение к базе данных выполнено успешно
2024-09-26 18:32:34,573 - INFO - Получено 3 позиций для заказа ID 1
2024-09-26 18:32:44,597 - INFO - Подключение к базе данных выполнено успешно
2024-09-26 18:32:44,598 - INFO - Получено 10 заказов
2024-09-26 18:32:51,742 - INFO - Подключение к базе данных выполнено успешно
2024-09-26 18:32:51,744 - INFO - Получено 10 заказов
2024-09-26 18:32:53,223 - INFO - Подключение к базе данных выполнено успешно
2024-09-26 18:32:53,225 - INFO - Получено 3 позиций для заказа ID 1
2024-09-26 18:33:06,460 - INFO - Подключение к базе данных выполнено успешно
2024-09-26 18:33:06,461 - INFO - Получено 3 позиций для заказа ID 1
2024-09-26 18:33:07,159 - INFO - Подключение к базе данных выполнено успешно
2024-09-26 18:33:07,161 - INFO - Получено 1 позиций для заказа ID 2
2024-09-26 18:33:08,564 - INFO - Подключение к базе данных выполнено успешно
2024-09-26 18:33:08,566 - INFO - Получено 1 позиций для заказа ID 5
2024-09-26 18:33:09,479 - INFO - Подключение к базе данных выполнено успешно
2024-09-26 18:33:09,480 - INFO - Получено 1 позиций для заказа ID 6
2024-09-26 18:33:10,171 - INFO - Подключение к базе данных выполнено успешно
2024-09-26 18:33:10,173 - INFO - Получено 1 позиций для заказа ID 9
2024-09-26 18:33:11,071 - INFO - Подключение к базе данных выполнено успешно
2024-09-26 18:33:11,073 - INFO - Получено 1 позиций для заказа ID 10
2024-09-26 18:33:14,495 - INFO - Подключение к базе данных выполнено успешно
2024-09-26 18:33:14,497 - INFO - Получено 1 позиций для заказа ID 3
2024-09-26 18:33:17,145 - INFO - Подключение к базе данных выполнено успешно
2024-09-26 18:33:17,146 - INFO - Получено 3 позиций для заказа ID 1
2024-09-26 20:32:41,244 - INFO - Подключение к базе данных выполнено успешно
2024-09-26 20:32:41,245 - INFO - Получено 10 покупателей
2024-09-26 20:32:46,882 - INFO - Подключение к базе данных выполнено успешно
2024-09-26 20:32:46,884 - INFO - Получено 10 заказов
2024-09-26 20:33:16,556 - INFO - Подключение к базе данных выполнено успешно
2024-09-26 20:33:16,557 - INFO - Получено 10 покупателей
2024-09-26 20:33:22,073 - INFO - Подключение к базе данных выполнено успешно
2024-09-26 20:33:22,075 - INFO - Получено 10 заказов
